# Logfile created on 2017-08-19 00:23:45 +1000 by logger.rb/56815
I, [2017-08-19T00:23:45.784199 #2241]  INFO -- : Bake My Day v0.1.0 Populating Menu... 

A, [2017-08-19T00:23:45.784394 #2241]   ANY -- : 
VS5 Vegemite Scroll
A, [2017-08-19T00:23:45.784547 #2241]   ANY -- : 
3 at $ 6.99
A, [2017-08-19T00:23:45.784604 #2241]   ANY -- : 
5 at $ 8.99
A, [2017-08-19T00:23:45.784655 #2241]   ANY -- : 
MB11 Blueberry Muffin
A, [2017-08-19T00:23:45.784707 #2241]   ANY -- : 
2 at $ 9.95
A, [2017-08-19T00:23:45.784759 #2241]   ANY -- : 
5 at $ 16.95
A, [2017-08-19T00:23:45.784811 #2241]   ANY -- : 
8 at $ 24.95
A, [2017-08-19T00:23:45.784860 #2241]   ANY -- : 
CF Croissant
A, [2017-08-19T00:23:45.784911 #2241]   ANY -- : 
3 at $ 5.95
A, [2017-08-19T00:23:45.784992 #2241]   ANY -- : 
5 at $ 9.95
A, [2017-08-19T00:23:45.785043 #2241]   ANY -- : 
9 at $ 16.99
A, [2017-08-19T00:23:45.785103 #2241]   ANY -- : 
[Quantity]<space>[Item Code] >> 
A, [2017-08-19T00:24:37.353113 #2241]   ANY -- : 
Input.new: { quantity: 10, item code: VS5 }

A, [2017-08-19T00:24:37.353526 #2241]   ANY -- : 10 of Vegemite Scroll (VS5) at $ 17.98
A, [2017-08-19T00:24:37.353673 #2241]   ANY -- : 2 x 5-pack at $8.99 a pack.
A, [2017-08-19T00:24:37.353974 #2241]   ANY -- : Total: 17.98
A, [2017-08-19T00:24:37.354398 #2241]   ANY -- : 10 of Vegemite Scroll (VS5) at $ 17.98
A, [2017-08-19T00:24:37.354793 #2241]   ANY -- : 2 x 5-pack at $8.99 a pack.
A, [2017-08-19T00:24:37.355219 #2241]   ANY -- : Total: 17.98
A, [2017-08-19T00:24:37.355592 #2241]   ANY -- : 
[Quantity]<space>[Item Code] >> 
I, [2017-08-19T00:36:59.875222 #2241]  INFO -- : 
End Simulation.
