# Logfile created on 2017-08-19 02:02:34 +1000 by logger.rb/56815
I, [2017-08-19T02:02:34.592902 #3142]  INFO -- : Bake My Day v0.1.0 Populating Menu... 

A, [2017-08-19T02:02:34.593222 #3142]   ANY -- : 	Item VS5 found.
A, [2017-08-19T02:02:34.593296 #3142]   ANY -- : 	Item VS5 found.
A, [2017-08-19T02:02:34.593364 #3142]   ANY -- : 	Item MB11 found.
A, [2017-08-19T02:02:34.593417 #3142]   ANY -- : 	Item MB11 found.
A, [2017-08-19T02:02:34.593467 #3142]   ANY -- : 	Item MB11 found.
A, [2017-08-19T02:02:34.593573 #3142]   ANY -- : 	Item CF found.
A, [2017-08-19T02:02:34.593730 #3142]   ANY -- : 	Item CF found.
A, [2017-08-19T02:02:34.593785 #3142]   ANY -- : 	Item CF found.
A, [2017-08-19T02:02:34.593848 #3142]   ANY -- : VS5 Vegemite Scroll
A, [2017-08-19T02:02:34.593922 #3142]   ANY -- : 3 at $ 6.99
A, [2017-08-19T02:02:34.593976 #3142]   ANY -- : 5 at $ 8.99
A, [2017-08-19T02:02:34.594024 #3142]   ANY -- : MB11 Blueberry Muffin
A, [2017-08-19T02:02:34.594075 #3142]   ANY -- : 2 at $ 9.95
A, [2017-08-19T02:02:34.594126 #3142]   ANY -- : 5 at $ 16.95
A, [2017-08-19T02:02:34.594177 #3142]   ANY -- : 8 at $ 24.95
A, [2017-08-19T02:02:34.594225 #3142]   ANY -- : CF Croissant
A, [2017-08-19T02:02:34.594276 #3142]   ANY -- : 3 at $ 5.95
A, [2017-08-19T02:02:34.594327 #3142]   ANY -- : 5 at $ 9.95
A, [2017-08-19T02:02:34.594377 #3142]   ANY -- : 9 at $ 16.99
A, [2017-08-19T02:02:34.594437 #3142]   ANY -- : 
[Quantity]<space>[Item Code] >> 
I, [2017-08-19T02:05:37.163145 #3142]  INFO -- : 
End Simulation.
