# Logfile created on 2017-08-19 00:21:48 +1000 by logger.rb/56815
I, [2017-08-19T00:21:48.641410 #2104]  INFO -- : Bake My Day v0.1.0 Populating Menu... 

A, [2017-08-19T00:21:48.641591 #2104]   ANY -- : 
VS5 Vegemite Scroll
A, [2017-08-19T00:21:48.641659 #2104]   ANY -- : 
3 at $ 6.99
A, [2017-08-19T00:21:48.641703 #2104]   ANY -- : 
5 at $ 8.99
A, [2017-08-19T00:21:48.641743 #2104]   ANY -- : 
MB11 Blueberry Muffin
A, [2017-08-19T00:21:48.641784 #2104]   ANY -- : 
2 at $ 9.95
A, [2017-08-19T00:21:48.641826 #2104]   ANY -- : 
5 at $ 16.95
A, [2017-08-19T00:21:48.641868 #2104]   ANY -- : 
8 at $ 24.95
A, [2017-08-19T00:21:48.641906 #2104]   ANY -- : 
CF Croissant
A, [2017-08-19T00:21:48.641948 #2104]   ANY -- : 
3 at $ 5.95
A, [2017-08-19T00:21:48.641988 #2104]   ANY -- : 
5 at $ 9.95
A, [2017-08-19T00:21:48.642029 #2104]   ANY -- : 
9 at $ 16.99
A, [2017-08-19T00:21:48.642078 #2104]   ANY -- : 
[Quantity]<space>[Item Code] >> 
