# Logfile created on 2017-08-19 00:37:00 +1000 by logger.rb/56815
I, [2017-08-19T00:37:00.811157 #2305]  INFO -- : Bake My Day v0.1.0 Populating Menu... 

A, [2017-08-19T00:37:00.811316 #2305]   ANY -- : 
VS5 Vegemite Scroll
A, [2017-08-19T00:37:00.811458 #2305]   ANY -- : 
3 at $ 6.99
A, [2017-08-19T00:37:00.811518 #2305]   ANY -- : 
5 at $ 8.99
A, [2017-08-19T00:37:00.811568 #2305]   ANY -- : 
MB11 Blueberry Muffin
A, [2017-08-19T00:37:00.811620 #2305]   ANY -- : 
2 at $ 9.95
A, [2017-08-19T00:37:00.811671 #2305]   ANY -- : 
5 at $ 16.95
A, [2017-08-19T00:37:00.811752 #2305]   ANY -- : 
8 at $ 24.95
A, [2017-08-19T00:37:00.811803 #2305]   ANY -- : 
CF Croissant
A, [2017-08-19T00:37:00.811854 #2305]   ANY -- : 
3 at $ 5.95
A, [2017-08-19T00:37:00.811905 #2305]   ANY -- : 
5 at $ 9.95
A, [2017-08-19T00:37:00.811956 #2305]   ANY -- : 
9 at $ 16.99
A, [2017-08-19T00:37:00.812016 #2305]   ANY -- : 
[Quantity]<space>[Item Code] >> 
A, [2017-08-19T00:37:06.082279 #2305]   ANY -- : 
Input.new: { quantity: 10, item code: VS5 }

D, [2017-08-19T00:37:06.082456 #2305] DEBUG -- : remaining_units: 10pack_units: 5
A, [2017-08-19T00:37:06.082551 #2305]   ANY -- : 10 of Vegemite Scroll (VS5) at $ 17.98
A, [2017-08-19T00:37:06.082610 #2305]   ANY -- : 2 x 5-pack at $8.99 a pack.
A, [2017-08-19T00:37:06.082716 #2305]   ANY -- : Total: 17.98
A, [2017-08-19T00:37:06.082775 #2305]   ANY -- : 10 of Vegemite Scroll (VS5) at $ 17.98
A, [2017-08-19T00:37:06.083059 #2305]   ANY -- : 2 x 5-pack at $8.99 a pack.
A, [2017-08-19T00:37:06.083122 #2305]   ANY -- : Total: 17.98
A, [2017-08-19T00:37:06.083212 #2305]   ANY -- : 
[Quantity]<space>[Item Code] >> 
A, [2017-08-19T00:37:58.064580 #2305]   ANY -- : 
Input.new: { quantity: 32, item code: CF }

D, [2017-08-19T00:37:58.064787 #2305] DEBUG -- : remaining_units: 32pack_units: 9
D, [2017-08-19T00:37:58.064846 #2305] DEBUG -- : remaining_units: 5pack_units: 3
A, [2017-08-19T00:37:58.064896 #2305]   ANY -- : 
Extra Remaining Unit: 2 that cannot be grouped into a pack.
A, [2017-08-19T00:37:58.064960 #2305]   ANY -- : 32 of Croissant (CF) at $ 56.92
A, [2017-08-19T00:37:58.065015 #2305]   ANY -- : 3 x 9-pack at $16.99 a pack.
A, [2017-08-19T00:37:58.065071 #2305]   ANY -- : Total: 50.97
A, [2017-08-19T00:37:58.065125 #2305]   ANY -- : 1 x 3-pack at $5.95 a pack.
A, [2017-08-19T00:37:58.065176 #2305]   ANY -- : Total: 56.92
A, [2017-08-19T00:37:58.065275 #2305]   ANY -- : 10 of Vegemite Scroll (VS5) at $ 17.98
A, [2017-08-19T00:37:58.065327 #2305]   ANY -- : 2 x 5-pack at $8.99 a pack.
A, [2017-08-19T00:37:58.065378 #2305]   ANY -- : Total: 17.98
A, [2017-08-19T00:37:58.065432 #2305]   ANY -- : 32 of Croissant (CF) at $ 56.92
A, [2017-08-19T00:37:58.065484 #2305]   ANY -- : 3 x 9-pack at $16.99 a pack.
A, [2017-08-19T00:37:58.065534 #2305]   ANY -- : Total: 50.97
A, [2017-08-19T00:37:58.065588 #2305]   ANY -- : 1 x 3-pack at $5.95 a pack.
A, [2017-08-19T00:37:58.065638 #2305]   ANY -- : Total: 56.92
A, [2017-08-19T00:37:58.065725 #2305]   ANY -- : 
[Quantity]<space>[Item Code] >> 
A, [2017-08-19T00:38:54.343874 #2305]   ANY -- : 
Input.new: { quantity: 21, item code: VSF5 }

D, [2017-08-19T00:38:54.344194 #2305] DEBUG -- : remaining_units: 21pack_units: 5
A, [2017-08-19T00:38:54.344312 #2305]   ANY -- : 
Extra Remaining Unit: 1 that cannot be grouped into a pack.
A, [2017-08-19T00:38:54.344453 #2305]   ANY -- : 21 of Vegemite Scroll (VS5) at $ 35.96
A, [2017-08-19T00:38:54.344631 #2305]   ANY -- : 4 x 5-pack at $8.99 a pack.
A, [2017-08-19T00:38:54.344760 #2305]   ANY -- : Total: 35.96
A, [2017-08-19T00:38:54.344896 #2305]   ANY -- : 10 of Vegemite Scroll (VS5) at $ 17.98
A, [2017-08-19T00:38:54.345127 #2305]   ANY -- : 2 x 5-pack at $8.99 a pack.
A, [2017-08-19T00:38:54.345247 #2305]   ANY -- : Total: 17.98
A, [2017-08-19T00:38:54.345372 #2305]   ANY -- : 32 of Croissant (CF) at $ 56.92
A, [2017-08-19T00:38:54.345496 #2305]   ANY -- : 3 x 9-pack at $16.99 a pack.
A, [2017-08-19T00:38:54.345617 #2305]   ANY -- : Total: 50.97
A, [2017-08-19T00:38:54.345740 #2305]   ANY -- : 1 x 3-pack at $5.95 a pack.
A, [2017-08-19T00:38:54.345858 #2305]   ANY -- : Total: 56.92
A, [2017-08-19T00:38:54.346028 #2305]   ANY -- : 21 of Vegemite Scroll (VS5) at $ 35.96
A, [2017-08-19T00:38:54.346150 #2305]   ANY -- : 4 x 5-pack at $8.99 a pack.
A, [2017-08-19T00:38:54.346266 #2305]   ANY -- : Total: 35.96
A, [2017-08-19T00:38:54.346395 #2305]   ANY -- : 
[Quantity]<space>[Item Code] >> 
I, [2017-08-19T00:50:30.763581 #2305]  INFO -- : 
End Simulation.
