# Logfile created on 2017-08-19 01:25:32 +1000 by logger.rb/56815
I, [2017-08-19T01:25:32.484087 #2788]  INFO -- : Bake My Day v0.1.0 Populating Menu... 

A, [2017-08-19T01:25:32.484251 #2788]   ANY -- : VS5 Vegemite Scroll
A, [2017-08-19T01:25:32.484333 #2788]   ANY -- : 3 at $ 6.99
A, [2017-08-19T01:25:32.484408 #2788]   ANY -- : 5 at $ 8.99
A, [2017-08-19T01:25:32.484457 #2788]   ANY -- : MB11 Blueberry Muffin
A, [2017-08-19T01:25:32.484509 #2788]   ANY -- : 2 at $ 9.95
A, [2017-08-19T01:25:32.484561 #2788]   ANY -- : 5 at $ 16.95
A, [2017-08-19T01:25:32.484613 #2788]   ANY -- : 8 at $ 24.95
A, [2017-08-19T01:25:32.484662 #2788]   ANY -- : CF Croissant
A, [2017-08-19T01:25:32.484713 #2788]   ANY -- : 3 at $ 5.95
A, [2017-08-19T01:25:32.484807 #2788]   ANY -- : 5 at $ 9.95
A, [2017-08-19T01:25:32.484859 #2788]   ANY -- : 9 at $ 16.99
A, [2017-08-19T01:25:32.484919 #2788]   ANY -- : 
[Quantity]<space>[Item Code] >> 
D, [2017-08-19T01:25:38.981211 #2788] DEBUG -- : 
Input.new: { quantity: 11, item code: VFS5 }

D, [2017-08-19T01:25:38.981488 #2788] DEBUG -- : 
OrderItem.new: { remaining_units: 11 }

D, [2017-08-19T01:25:38.981652 #2788] DEBUG -- : remaining_units: 11 pack_units: 5
D, [2017-08-19T01:25:38.981794 #2788] DEBUG -- : 
Pack.new: { number of packs: 2, cost per pack of (5): 8.99, total cost for: 2 packs: 17.98 }

D, [2017-08-19T01:25:38.982029 #2788] DEBUG -- : 
Added 2 packs of 5-pack at $8.99per pack, total: $17.98 to order item.
A, [2017-08-19T01:25:38.982131 #2788]   ANY -- : 
Extra Remaining Unit: 1 that cannot be grouped into a pack.
D, [2017-08-19T01:25:38.982269 #2788] DEBUG -- : 
Added 11 of VFS5 to order.
A, [2017-08-19T01:25:38.982374 #2788]   ANY -- : 
Total for this order: 17.98
A, [2017-08-19T01:25:38.982590 #2788]   ANY -- : 
[Quantity]<space>[Item Code] >> 
I, [2017-08-19T01:27:21.690053 #2788]  INFO -- : 
End Simulation.
