# Logfile created on 2017-08-19 00:22:01 +1000 by logger.rb/56815
I, [2017-08-19T00:22:01.774755 #2167]  INFO -- : Bake My Day v0.1.0 Populating Menu... 

A, [2017-08-19T00:22:01.774942 #2167]   ANY -- : 
VS5 Vegemite Scroll
A, [2017-08-19T00:22:01.775010 #2167]   ANY -- : 
3 at $ 6.99
A, [2017-08-19T00:22:01.775055 #2167]   ANY -- : 
5 at $ 8.99
A, [2017-08-19T00:22:01.775094 #2167]   ANY -- : 
MB11 Blueberry Muffin
A, [2017-08-19T00:22:01.775135 #2167]   ANY -- : 
2 at $ 9.95
A, [2017-08-19T00:22:01.775177 #2167]   ANY -- : 
5 at $ 16.95
A, [2017-08-19T00:22:01.775218 #2167]   ANY -- : 
8 at $ 24.95
A, [2017-08-19T00:22:01.775257 #2167]   ANY -- : 
CF Croissant
A, [2017-08-19T00:22:01.775298 #2167]   ANY -- : 
3 at $ 5.95
A, [2017-08-19T00:22:01.775340 #2167]   ANY -- : 
5 at $ 9.95
A, [2017-08-19T00:22:01.775382 #2167]   ANY -- : 
9 at $ 16.99
A, [2017-08-19T00:22:01.775431 #2167]   ANY -- : 
[Quantity]<space>[Item Code] >> 
