# Logfile created on 2017-08-19 01:12:47 +1000 by logger.rb/56815
I, [2017-08-19T01:12:47.841856 #2469]  INFO -- : Bake My Day v0.1.0 Populating Menu... 

A, [2017-08-19T01:12:47.842022 #2469]   ANY -- : 
VS5 Vegemite Scroll
A, [2017-08-19T01:12:47.842103 #2469]   ANY -- : 
3 at $ 6.99
A, [2017-08-19T01:12:47.842158 #2469]   ANY -- : 
5 at $ 8.99
A, [2017-08-19T01:12:47.842208 #2469]   ANY -- : 
MB11 Blueberry Muffin
A, [2017-08-19T01:12:47.842280 #2469]   ANY -- : 
2 at $ 9.95
A, [2017-08-19T01:12:47.842334 #2469]   ANY -- : 
5 at $ 16.95
A, [2017-08-19T01:12:47.842386 #2469]   ANY -- : 
8 at $ 24.95
A, [2017-08-19T01:12:47.842435 #2469]   ANY -- : 
CF Croissant
A, [2017-08-19T01:12:47.842487 #2469]   ANY -- : 
3 at $ 5.95
A, [2017-08-19T01:12:47.842691 #2469]   ANY -- : 
5 at $ 9.95
A, [2017-08-19T01:12:47.842784 #2469]   ANY -- : 
9 at $ 16.99
A, [2017-08-19T01:12:47.842892 #2469]   ANY -- : 
[Quantity]<space>[Item Code] >> 
D, [2017-08-19T01:12:52.928758 #2469] DEBUG -- : 
Input.new: { quantity: 10, item code: VS5 }

D, [2017-08-19T01:12:52.929029 #2469] DEBUG -- : 
OrderItem.new: { remaining_units: 10 }

D, [2017-08-19T01:12:52.929193 #2469] DEBUG -- : remaining_units: 10 pack_units: 5
D, [2017-08-19T01:12:52.929335 #2469] DEBUG -- : 
Pack.new: { number of packs: 2, cost per pack of (5): 8.99, total cost for: 2 packs: 17.98 }

D, [2017-08-19T01:12:52.929572 #2469] DEBUG -- : 
Added 2 packs of 5-pack at $8.99per pack, total: $17.98 to order item.
D, [2017-08-19T01:12:52.929676 #2469] DEBUG -- : 
Added 10 of VS5 to order.
A, [2017-08-19T01:12:52.929788 #2469]   ANY -- : 10 of Vegemite Scroll (VS5) at $ 17.98
A, [2017-08-19T01:12:52.929933 #2469]   ANY -- : 2 x 5-pack at $8.99 a pack.
A, [2017-08-19T01:12:52.930056 #2469]   ANY -- : Total: 17.98
A, [2017-08-19T01:12:52.930280 #2469]   ANY -- : 
[Quantity]<space>[Item Code] >> 
D, [2017-08-19T01:13:12.020117 #2469] DEBUG -- : 
Input.new: { quantity: 10, item code: VS5 }

D, [2017-08-19T01:13:12.020367 #2469] DEBUG -- : 
OrderItem.new: { remaining_units: 10 }

D, [2017-08-19T01:13:12.020501 #2469] DEBUG -- : remaining_units: 10 pack_units: 5
D, [2017-08-19T01:13:12.020636 #2469] DEBUG -- : 
Pack.new: { number of packs: 2, cost per pack of (5): 8.99, total cost for: 2 packs: 17.98 }

D, [2017-08-19T01:13:12.020757 #2469] DEBUG -- : 
Added 2 packs of 5-pack at $8.99per pack, total: $17.98 to order item.
D, [2017-08-19T01:13:12.020856 #2469] DEBUG -- : 
Added 10 of VS5 to order.
A, [2017-08-19T01:13:12.020962 #2469]   ANY -- : 10 of Vegemite Scroll (VS5) at $ 17.98
A, [2017-08-19T01:13:12.021172 #2469]   ANY -- : 2 x 5-pack at $8.99 a pack.
A, [2017-08-19T01:13:12.021294 #2469]   ANY -- : Total: 17.98
A, [2017-08-19T01:13:12.021426 #2469]   ANY -- : 10 of Vegemite Scroll (VS5) at $ 17.98
A, [2017-08-19T01:13:12.021549 #2469]   ANY -- : 2 x 5-pack at $8.99 a pack.
A, [2017-08-19T01:13:12.021670 #2469]   ANY -- : Total: 17.98
A, [2017-08-19T01:13:12.021784 #2469]   ANY -- : 
[Quantity]<space>[Item Code] >> 
I, [2017-08-19T01:16:28.755062 #2469]  INFO -- : 
End Simulation.
