# Logfile created on 2017-08-19 00:21:46 +1000 by logger.rb/56815
I, [2017-08-19T00:21:46.602684 #2040]  INFO -- : Bake My Day v0.1.0 Populating Menu... 

A, [2017-08-19T00:21:46.602909 #2040]   ANY -- : 
VS5 Vegemite Scroll
A, [2017-08-19T00:21:46.602979 #2040]   ANY -- : 
3 at $ 6.99
A, [2017-08-19T00:21:46.603025 #2040]   ANY -- : 
5 at $ 8.99
A, [2017-08-19T00:21:46.603065 #2040]   ANY -- : 
MB11 Blueberry Muffin
A, [2017-08-19T00:21:46.603106 #2040]   ANY -- : 
2 at $ 9.95
A, [2017-08-19T00:21:46.603148 #2040]   ANY -- : 
5 at $ 16.95
A, [2017-08-19T00:21:46.603190 #2040]   ANY -- : 
8 at $ 24.95
A, [2017-08-19T00:21:46.603228 #2040]   ANY -- : 
CF Croissant
A, [2017-08-19T00:21:46.603270 #2040]   ANY -- : 
3 at $ 5.95
A, [2017-08-19T00:21:46.603356 #2040]   ANY -- : 
5 at $ 9.95
A, [2017-08-19T00:21:46.603398 #2040]   ANY -- : 
9 at $ 16.99
A, [2017-08-19T00:21:46.603471 #2040]   ANY -- : 
[Quantity]<space>[Item Code] >> 
