# Logfile created on 2017-08-19 01:27:22 +1000 by logger.rb/56815
I, [2017-08-19T01:27:22.802067 #2811]  INFO -- : Bake My Day v0.1.0 Populating Menu... 

A, [2017-08-19T01:27:22.802258 #2811]   ANY -- : VS5 Vegemite Scroll
A, [2017-08-19T01:27:22.802338 #2811]   ANY -- : 3 at $ 6.99
A, [2017-08-19T01:27:22.802394 #2811]   ANY -- : 5 at $ 8.99
A, [2017-08-19T01:27:22.802443 #2811]   ANY -- : MB11 Blueberry Muffin
A, [2017-08-19T01:27:22.802494 #2811]   ANY -- : 2 at $ 9.95
A, [2017-08-19T01:27:22.802546 #2811]   ANY -- : 5 at $ 16.95
A, [2017-08-19T01:27:22.802598 #2811]   ANY -- : 8 at $ 24.95
A, [2017-08-19T01:27:22.802692 #2811]   ANY -- : CF Croissant
A, [2017-08-19T01:27:22.802745 #2811]   ANY -- : 3 at $ 5.95
A, [2017-08-19T01:27:22.802797 #2811]   ANY -- : 5 at $ 9.95
A, [2017-08-19T01:27:22.802848 #2811]   ANY -- : 9 at $ 16.99
A, [2017-08-19T01:27:22.802909 #2811]   ANY -- : 
[Quantity]<space>[Item Code] >> 
D, [2017-08-19T01:27:28.603288 #2811] DEBUG -- : 
Input.new: { quantity: 13, item code: VFS5 }

D, [2017-08-19T01:27:28.603963 #2811] DEBUG -- : 
OrderItem.new: { remaining_units: 13 }

D, [2017-08-19T01:27:28.604146 #2811] DEBUG -- : remaining_units: 13 pack_units: 5
D, [2017-08-19T01:27:28.604296 #2811] DEBUG -- : 
Pack.new: { number of packs: 2, cost per pack of (5): 8.99, total cost for: 2 packs: 17.98 }

D, [2017-08-19T01:27:28.604538 #2811] DEBUG -- : 
Added 2 packs of 5-pack at $8.99per pack, total: $17.98 to order item.
A, [2017-08-19T01:27:28.604643 #2811]   ANY -- : 
Extra Remaining Unit: 3 that cannot be grouped into a pack.
D, [2017-08-19T01:27:28.605223 #2811] DEBUG -- : 
Added 13 of VFS5 to order.
A, [2017-08-19T01:27:28.605391 #2811]   ANY -- : 
Total for this order: 17.98
A, [2017-08-19T01:27:28.605533 #2811]   ANY -- : 
Total for this order: 17.98
A, [2017-08-19T01:27:28.605648 #2811]   ANY -- : 
[Quantity]<space>[Item Code] >> 
I, [2017-08-19T01:28:08.467041 #2811]  INFO -- : 
End Simulation.
