# Logfile created on 2017-08-19 00:50:33 +1000 by logger.rb/56815
I, [2017-08-19T00:50:33.731063 #2359]  INFO -- : Bake My Day v0.1.0 Populating Menu... 

A, [2017-08-19T00:50:33.731260 #2359]   ANY -- : 
VS5 Vegemite Scroll
A, [2017-08-19T00:50:33.731340 #2359]   ANY -- : 
3 at $ 6.99
A, [2017-08-19T00:50:33.731395 #2359]   ANY -- : 
5 at $ 8.99
A, [2017-08-19T00:50:33.731445 #2359]   ANY -- : 
MB11 Blueberry Muffin
A, [2017-08-19T00:50:33.731496 #2359]   ANY -- : 
2 at $ 9.95
A, [2017-08-19T00:50:33.731548 #2359]   ANY -- : 
5 at $ 16.95
A, [2017-08-19T00:50:33.731599 #2359]   ANY -- : 
8 at $ 24.95
A, [2017-08-19T00:50:33.731647 #2359]   ANY -- : 
CF Croissant
A, [2017-08-19T00:50:33.731698 #2359]   ANY -- : 
3 at $ 5.95
A, [2017-08-19T00:50:33.731749 #2359]   ANY -- : 
5 at $ 9.95
A, [2017-08-19T00:50:33.731800 #2359]   ANY -- : 
9 at $ 16.99
A, [2017-08-19T00:50:33.731859 #2359]   ANY -- : 
[Quantity]<space>[Item Code] >> 
D, [2017-08-19T00:50:43.253513 #2359] DEBUG -- : 
Input.new: { quantity: 10, item code: VS5 }

D, [2017-08-19T00:50:43.253653 #2359] DEBUG -- : 
OrderItem.new: { remaining_units: 10 }

D, [2017-08-19T00:50:43.253730 #2359] DEBUG -- : remaining_units: 10 pack_units: 5
D, [2017-08-19T00:50:43.253854 #2359] DEBUG -- : 
Pack.new: { number of packs: 2, cost per pack of (5): 8.99, total cost for: 2 packs: 17.98 }

A, [2017-08-19T00:50:43.253906 #2359]   ANY -- : 10 of Vegemite Scroll (VS5) at $ 17.98
A, [2017-08-19T00:50:43.253971 #2359]   ANY -- : 2 x 5-pack at $8.99 a pack.
A, [2017-08-19T00:50:43.254082 #2359]   ANY -- : Total: 17.98
A, [2017-08-19T00:50:43.254141 #2359]   ANY -- : 10 of Vegemite Scroll (VS5) at $ 17.98
A, [2017-08-19T00:50:43.254193 #2359]   ANY -- : 2 x 5-pack at $8.99 a pack.
A, [2017-08-19T00:50:43.254244 #2359]   ANY -- : Total: 17.98
A, [2017-08-19T00:50:43.254293 #2359]   ANY -- : 
[Quantity]<space>[Item Code] >> 
I, [2017-08-19T01:05:12.217757 #2359]  INFO -- : 
End Simulation.
