# Logfile created on 2017-08-19 01:33:24 +1000 by logger.rb/56815
I, [2017-08-19T01:33:24.996462 #2875]  INFO -- : Bake My Day v0.1.0 Populating Menu... 

A, [2017-08-19T01:33:24.996700 #2875]   ANY -- : VS5 Vegemite Scroll
A, [2017-08-19T01:33:24.996899 #2875]   ANY -- : 3 at $ 6.99
A, [2017-08-19T01:33:24.996972 #2875]   ANY -- : 5 at $ 8.99
A, [2017-08-19T01:33:24.997158 #2875]   ANY -- : MB11 Blueberry Muffin
A, [2017-08-19T01:33:24.997224 #2875]   ANY -- : 2 at $ 9.95
A, [2017-08-19T01:33:24.997395 #2875]   ANY -- : 5 at $ 16.95
A, [2017-08-19T01:33:24.997531 #2875]   ANY -- : 8 at $ 24.95
A, [2017-08-19T01:33:24.997712 #2875]   ANY -- : CF Croissant
A, [2017-08-19T01:33:24.997775 #2875]   ANY -- : 3 at $ 5.95
A, [2017-08-19T01:33:24.997940 #2875]   ANY -- : 5 at $ 9.95
A, [2017-08-19T01:33:24.998074 #2875]   ANY -- : 9 at $ 16.99
A, [2017-08-19T01:33:24.998218 #2875]   ANY -- : 
[Quantity]<space>[Item Code] >> 
D, [2017-08-19T01:33:30.785466 #2875] DEBUG -- : 
Input.new: { quantity: 12, item code: VFS2 }

D, [2017-08-19T01:33:30.785740 #2875] DEBUG -- : 
OrderItem.new: { remaining_units: 12 }

D, [2017-08-19T01:33:30.785905 #2875] DEBUG -- : remaining_units: 12 pack_units: 5
D, [2017-08-19T01:33:30.786048 #2875] DEBUG -- : 
Pack.new: { number of packs: 2, cost per pack of (5): 8.99, total cost for: 2 packs: 17.98 }

D, [2017-08-19T01:33:30.786287 #2875] DEBUG -- : 
Added 2 packs of 5-pack at $8.99per pack, total: $17.98 to order item.
A, [2017-08-19T01:33:30.786389 #2875]   ANY -- : 
Extra Remaining Unit: 2 that cannot be grouped into a pack.
D, [2017-08-19T01:33:30.786629 #2875] DEBUG -- : 
Added 12 of VFS2 to order.
A, [2017-08-19T01:33:30.786734 #2875]   ANY -- : 
Total for this order: 17.98
A, [2017-08-19T01:33:30.786845 #2875]   ANY -- : 
[Quantity]<space>[Item Code] >> 
I, [2017-08-19T01:35:43.805740 #2875]  INFO -- : 
End Simulation.
