# Logfile created on 2017-08-19 02:19:31 +1000 by logger.rb/56815
I, [2017-08-19T02:19:31.487746 #3320]  INFO -- : Bake My Day v0.1.0 Populating Menu... 

A, [2017-08-19T02:19:31.487911 #3320]   ANY -- : 	Item 0 found.
A, [2017-08-19T02:19:31.487969 #3320]   ANY -- : 	Item 0 found.
A, [2017-08-19T02:19:31.488031 #3320]   ANY -- : 	Item 1 found.
A, [2017-08-19T02:19:31.488083 #3320]   ANY -- : 	Item 1 found.
A, [2017-08-19T02:19:31.488132 #3320]   ANY -- : 	Item 1 found.
A, [2017-08-19T02:19:31.488193 #3320]   ANY -- : 	Item 2 found.
A, [2017-08-19T02:19:31.488243 #3320]   ANY -- : 	Item 2 found.
A, [2017-08-19T02:19:31.488293 #3320]   ANY -- : 	Item 2 found.
A, [2017-08-19T02:19:31.488353 #3320]   ANY -- : VS5 Vegemite Scroll
A, [2017-08-19T02:19:31.488426 #3320]   ANY -- : 3 at $ 6.99
A, [2017-08-19T02:19:31.488479 #3320]   ANY -- : 5 at $ 8.99
A, [2017-08-19T02:19:31.488529 #3320]   ANY -- : MB11 Blueberry Muffin
A, [2017-08-19T02:19:31.488623 #3320]   ANY -- : 2 at $ 9.95
A, [2017-08-19T02:19:31.488676 #3320]   ANY -- : 5 at $ 16.95
A, [2017-08-19T02:19:31.488727 #3320]   ANY -- : 8 at $ 24.95
A, [2017-08-19T02:19:31.488816 #3320]   ANY -- : CF Croissant
A, [2017-08-19T02:19:31.488909 #3320]   ANY -- : 3 at $ 5.95
A, [2017-08-19T02:19:31.488964 #3320]   ANY -- : 5 at $ 9.95
A, [2017-08-19T02:19:31.489016 #3320]   ANY -- : 9 at $ 16.99
A, [2017-08-19T02:19:31.489076 #3320]   ANY -- : 
[Quantity]<space>[Item Code] >> 
D, [2017-08-19T02:19:39.655243 #3320] DEBUG -- : 
Input.new: { quantity: 34, item code: ASDASD }

A, [2017-08-19T02:19:39.655487 #3320]   ANY -- : 	Item ASDASD not found.
A, [2017-08-19T02:19:39.655631 #3320]   ANY -- : 	Item ASDASD not found.
D, [2017-08-19T02:19:39.655771 #3320] DEBUG -- : 
OrderItem.new: { remaining_units: 34 menu_item: -1 }

A, [2017-08-19T02:19:39.655863 #3320]   ANY -- : Item with code: ASDASD was not found.
D, [2017-08-19T02:19:39.656086 #3320] DEBUG -- : 
	Added 34 of ASDASD to order.
A, [2017-08-19T02:19:39.656197 #3320]   ANY -- : 	34 of Croissant (CF) at $ 0.0
A, [2017-08-19T02:19:39.656438 #3320]   ANY -- : 
Total for this order: 0.0
A, [2017-08-19T02:19:39.656552 #3320]   ANY -- : 
[Quantity]<space>[Item Code] >> 
I, [2017-08-19T02:21:16.580084 #3320]  INFO -- : 
End Simulation.
