# Logfile created on 2017-08-19 01:20:15 +1000 by logger.rb/56815
I, [2017-08-19T01:20:15.818544 #2501]  INFO -- : Bake My Day v0.1.0 Populating Menu... 

A, [2017-08-19T01:20:15.818723 #2501]   ANY -- : 
VS5 Vegemite Scroll
A, [2017-08-19T01:20:15.818828 #2501]   ANY -- : 
3 at $ 6.99
A, [2017-08-19T01:20:15.818884 #2501]   ANY -- : 
5 at $ 8.99
A, [2017-08-19T01:20:15.818934 #2501]   ANY -- : 
MB11 Blueberry Muffin
A, [2017-08-19T01:20:15.818986 #2501]   ANY -- : 
2 at $ 9.95
A, [2017-08-19T01:20:15.819038 #2501]   ANY -- : 
5 at $ 16.95
A, [2017-08-19T01:20:15.819090 #2501]   ANY -- : 
8 at $ 24.95
A, [2017-08-19T01:20:15.819138 #2501]   ANY -- : 
CF Croissant
A, [2017-08-19T01:20:15.819235 #2501]   ANY -- : 
3 at $ 5.95
A, [2017-08-19T01:20:15.819287 #2501]   ANY -- : 
5 at $ 9.95
A, [2017-08-19T01:20:15.819338 #2501]   ANY -- : 
9 at $ 16.99
A, [2017-08-19T01:20:15.819400 #2501]   ANY -- : 
[Quantity]<space>[Item Code] >> 
I, [2017-08-19T01:20:52.791471 #2501]  INFO -- : 
End Simulation.
