# Logfile created on 2017-08-19 01:32:18 +1000 by logger.rb/56815
I, [2017-08-19T01:32:18.721254 #2858]  INFO -- : Bake My Day v0.1.0 Populating Menu... 

A, [2017-08-19T01:32:18.721422 #2858]   ANY -- : VS5 Vegemite Scroll
A, [2017-08-19T01:32:18.721687 #2858]   ANY -- : 3 at $ 6.99
A, [2017-08-19T01:32:18.721799 #2858]   ANY -- : 5 at $ 8.99
A, [2017-08-19T01:32:18.722077 #2858]   ANY -- : MB11 Blueberry Muffin
A, [2017-08-19T01:32:18.722144 #2858]   ANY -- : 2 at $ 9.95
A, [2017-08-19T01:32:18.722314 #2858]   ANY -- : 5 at $ 16.95
A, [2017-08-19T01:32:18.722449 #2858]   ANY -- : 8 at $ 24.95
A, [2017-08-19T01:32:18.722579 #2858]   ANY -- : CF Croissant
A, [2017-08-19T01:32:18.722764 #2858]   ANY -- : 3 at $ 5.95
A, [2017-08-19T01:32:18.722826 #2858]   ANY -- : 5 at $ 9.95
A, [2017-08-19T01:32:18.722992 #2858]   ANY -- : 9 at $ 16.99
A, [2017-08-19T01:32:18.723108 #2858]   ANY -- : 
[Quantity]<space>[Item Code] >> 
D, [2017-08-19T01:32:23.457129 #2858] DEBUG -- : 
Input.new: { quantity: 12, item code: VFS2 }

D, [2017-08-19T01:32:23.457281 #2858] DEBUG -- : 
OrderItem.new: { remaining_units: 12 }

D, [2017-08-19T01:32:23.457441 #2858] DEBUG -- : remaining_units: 12 pack_units: 5
D, [2017-08-19T01:32:23.457584 #2858] DEBUG -- : 
Pack.new: { number of packs: 2, cost per pack of (5): 8.99, total cost for: 2 packs: 17.98 }

D, [2017-08-19T01:32:23.457822 #2858] DEBUG -- : 
Added 2 packs of 5-pack at $8.99per pack, total: $17.98 to order item.
A, [2017-08-19T01:32:23.457922 #2858]   ANY -- : 
Extra Remaining Unit: 2 that cannot be grouped into a pack.
D, [2017-08-19T01:32:23.458061 #2858] DEBUG -- : 
Added 12 of VFS2 to order.
A, [2017-08-19T01:32:23.458156 #2858]   ANY -- : 
Total for this order: 17.98
A, [2017-08-19T01:32:23.458272 #2858]   ANY -- : 
[Quantity]<space>[Item Code] >> 
I, [2017-08-19T01:33:23.769717 #2858]  INFO -- : 
End Simulation.
