# Logfile created on 2017-08-19 01:28:09 +1000 by logger.rb/56815
I, [2017-08-19T01:28:09.454038 #2830]  INFO -- : Bake My Day v0.1.0 Populating Menu... 

A, [2017-08-19T01:28:09.454199 #2830]   ANY -- : VS5 Vegemite Scroll
A, [2017-08-19T01:28:09.454371 #2830]   ANY -- : 3 at $ 6.99
A, [2017-08-19T01:28:09.454430 #2830]   ANY -- : 5 at $ 8.99
A, [2017-08-19T01:28:09.454480 #2830]   ANY -- : MB11 Blueberry Muffin
A, [2017-08-19T01:28:09.454532 #2830]   ANY -- : 2 at $ 9.95
A, [2017-08-19T01:28:09.454583 #2830]   ANY -- : 5 at $ 16.95
A, [2017-08-19T01:28:09.454634 #2830]   ANY -- : 8 at $ 24.95
A, [2017-08-19T01:28:09.454682 #2830]   ANY -- : CF Croissant
A, [2017-08-19T01:28:09.454774 #2830]   ANY -- : 3 at $ 5.95
A, [2017-08-19T01:28:09.454826 #2830]   ANY -- : 5 at $ 9.95
A, [2017-08-19T01:28:09.454876 #2830]   ANY -- : 9 at $ 16.99
A, [2017-08-19T01:28:09.454936 #2830]   ANY -- : 
[Quantity]<space>[Item Code] >> 
D, [2017-08-19T01:28:17.579297 #2830] DEBUG -- : 
Input.new: { quantity: 12, item code: VFS5 }

D, [2017-08-19T01:28:17.579566 #2830] DEBUG -- : 
OrderItem.new: { remaining_units: 12 }

D, [2017-08-19T01:28:17.579727 #2830] DEBUG -- : remaining_units: 12 pack_units: 5
D, [2017-08-19T01:28:17.579868 #2830] DEBUG -- : 
Pack.new: { number of packs: 2, cost per pack of (5): 8.99, total cost for: 2 packs: 17.98 }

D, [2017-08-19T01:28:17.580104 #2830] DEBUG -- : 
Added 2 packs of 5-pack at $8.99per pack, total: $17.98 to order item.
A, [2017-08-19T01:28:17.580205 #2830]   ANY -- : 
Extra Remaining Unit: 2 that cannot be grouped into a pack.
D, [2017-08-19T01:28:17.580439 #2830] DEBUG -- : 
Added 12 of VFS5 to order.
A, [2017-08-19T01:28:17.580543 #2830]   ANY -- : 
Total for this order: 17.98
A, [2017-08-19T01:28:17.580656 #2830]   ANY -- : 
[Quantity]<space>[Item Code] >> 
I, [2017-08-19T01:32:16.776925 #2830]  INFO -- : 
End Simulation.
